building dictionary...
reading sentences...
building the forward model...
building the backprop model...
reading sentences...
padding the id data with 'pad' to make it divisible by the batch size...
building the test operations...
Starting epoch 0...
	Batch chunk 0 - 100 finished in 15 seconds
	Test loss (mean per sentence) at batch 100: 77.156570
	Batch chunk 100 - 200 finished in 15 seconds
	Test loss (mean per sentence) at batch 200: 70.978645
	Batch chunk 200 - 300 finished in 15 seconds
	Test loss (mean per sentence) at batch 300: 67.989555
	Batch chunk 300 - 400 finished in 15 seconds
	Test loss (mean per sentence) at batch 400: 66.238640
	Batch chunk 400 - 500 finished in 15 seconds
	Test loss (mean per sentence) at batch 500: 65.029991
	Batch chunk 500 - 600 finished in 15 seconds
	Test loss (mean per sentence) at batch 600: 64.033150
	Batch chunk 600 - 700 finished in 15 seconds
	Test loss (mean per sentence) at batch 700: 63.024376
	Batch chunk 700 - 800 finished in 15 seconds
	Test loss (mean per sentence) at batch 800: 62.236839
	Batch chunk 800 - 900 finished in 15 seconds
	Test loss (mean per sentence) at batch 900: 61.581314
	Batch chunk 900 - 1000 finished in 15 seconds
	Test loss (mean per sentence) at batch 1000: 61.111370
	Batch chunk 1000 - 1100 finished in 15 seconds
	Test loss (mean per sentence) at batch 1100: 60.695194
	Batch chunk 1100 - 1200 finished in 15 seconds
	Test loss (mean per sentence) at batch 1200: 60.237743
	Batch chunk 1200 - 1300 finished in 15 seconds
	Test loss (mean per sentence) at batch 1300: 59.964001
	Batch chunk 1300 - 1400 finished in 15 seconds
	Test loss (mean per sentence) at batch 1400: 59.623814
	Batch chunk 1400 - 1500 finished in 15 seconds
	Test loss (mean per sentence) at batch 1500: 59.342209
	Batch chunk 1500 - 1600 finished in 15 seconds
	Test loss (mean per sentence) at batch 1600: 59.080856
	Batch chunk 1600 - 1700 finished in 15 seconds
	Test loss (mean per sentence) at batch 1700: 58.874577
	Batch chunk 1700 - 1800 finished in 15 seconds
	Test loss (mean per sentence) at batch 1800: 58.650917
	Batch chunk 1800 - 1900 finished in 15 seconds
	Test loss (mean per sentence) at batch 1900: 58.427101
	Batch chunk 1900 - 2000 finished in 15 seconds
	Test loss (mean per sentence) at batch 2000: 58.268471
	Batch chunk 2000 - 2100 finished in 15 seconds
	Test loss (mean per sentence) at batch 2100: 58.062527
	Batch chunk 2100 - 2200 finished in 15 seconds
	Test loss (mean per sentence) at batch 2200: 57.936737
	Batch chunk 2200 - 2300 finished in 15 seconds
	Test loss (mean per sentence) at batch 2300: 57.674416
	Batch chunk 2300 - 2400 finished in 15 seconds
	Test loss (mean per sentence) at batch 2400: 57.580460
	Batch chunk 2400 - 2500 finished in 15 seconds
	Test loss (mean per sentence) at batch 2500: 57.378468
	Batch chunk 2500 - 2600 finished in 15 seconds
	Test loss (mean per sentence) at batch 2600: 57.239017
	Batch chunk 2600 - 2700 finished in 15 seconds
	Test loss (mean per sentence) at batch 2700: 57.138229
	Batch chunk 2700 - 2800 finished in 15 seconds
	Test loss (mean per sentence) at batch 2800: 56.985497
	Batch chunk 2800 - 2900 finished in 15 seconds
	Test loss (mean per sentence) at batch 2900: 56.855679
	Batch chunk 2900 - 3000 finished in 15 seconds
	Test loss (mean per sentence) at batch 3000: 56.735756
	Batch chunk 3000 - 3100 finished in 15 seconds
	Test loss (mean per sentence) at batch 3100: 56.592308
	Batch chunk 3100 - 3200 finished in 15 seconds
	Test loss (mean per sentence) at batch 3200: 56.491768
	Batch chunk 3200 - 3300 finished in 15 seconds
	Test loss (mean per sentence) at batch 3300: 56.306953
	Batch chunk 3300 - 3400 finished in 15 seconds
	Test loss (mean per sentence) at batch 3400: 56.259579
	Batch chunk 3400 - 3500 finished in 15 seconds
	Test loss (mean per sentence) at batch 3500: 56.144550
	Batch chunk 3500 - 3600 finished in 15 seconds
	Test loss (mean per sentence) at batch 3600: 56.030067
	Batch chunk 3600 - 3700 finished in 15 seconds
	Test loss (mean per sentence) at batch 3700: 55.955040
	Batch chunk 3700 - 3800 finished in 15 seconds
	Test loss (mean per sentence) at batch 3800: 55.879356
	Batch chunk 3800 - 3900 finished in 15 seconds
	Test loss (mean per sentence) at batch 3900: 55.734360
	Batch chunk 3900 - 4000 finished in 15 seconds
	Test loss (mean per sentence) at batch 4000: 55.636230
	Batch chunk 4000 - 4100 finished in 15 seconds
	Test loss (mean per sentence) at batch 4100: 55.586399
	Batch chunk 4100 - 4200 finished in 15 seconds
	Test loss (mean per sentence) at batch 4200: 55.426594
	Batch chunk 4200 - 4300 finished in 15 seconds
	Test loss (mean per sentence) at batch 4300: 55.329220
	Batch chunk 4300 - 4400 finished in 15 seconds
	Test loss (mean per sentence) at batch 4400: 55.273460
	Batch chunk 4400 - 4500 finished in 15 seconds
	Test loss (mean per sentence) at batch 4500: 55.203568
	Batch chunk 4500 - 4600 finished in 15 seconds
	Test loss (mean per sentence) at batch 4600: 55.126339
	Batch chunk 4600 - 4700 finished in 15 seconds
	Test loss (mean per sentence) at batch 4700: 55.073826
	Batch chunk 4700 - 4800 finished in 15 seconds
	Test loss (mean per sentence) at batch 4800: 54.981873
	Batch chunk 4800 - 4900 finished in 15 seconds
	Test loss (mean per sentence) at batch 4900: 54.875519
	Batch chunk 4900 - 5000 finished in 15 seconds
	Test loss (mean per sentence) at batch 5000: 54.773285
	Batch chunk 5000 - 5100 finished in 15 seconds
	Test loss (mean per sentence) at batch 5100: 54.693188
	Batch chunk 5100 - 5200 finished in 15 seconds
	Test loss (mean per sentence) at batch 5200: 54.655598
	Batch chunk 5200 - 5300 finished in 15 seconds
	Test loss (mean per sentence) at batch 5300: 54.598961
	Batch chunk 5300 - 5400 finished in 15 seconds
	Test loss (mean per sentence) at batch 5400: 54.572071
	Batch chunk 5400 - 5500 finished in 15 seconds
	Test loss (mean per sentence) at batch 5500: 54.501244
	Batch chunk 5500 - 5600 finished in 15 seconds
	Test loss (mean per sentence) at batch 5600: 54.432529
	Batch chunk 5600 - 5700 finished in 15 seconds
	Test loss (mean per sentence) at batch 5700: 54.374161
	Batch chunk 5700 - 5800 finished in 15 seconds
	Test loss (mean per sentence) at batch 5800: 54.334728
	Batch chunk 5800 - 5900 finished in 15 seconds
	Test loss (mean per sentence) at batch 5900: 54.251518
	Batch chunk 5900 - 6000 finished in 15 seconds
	Test loss (mean per sentence) at batch 6000: 54.175655
	Batch chunk 6000 - 6100 finished in 15 seconds
	Test loss (mean per sentence) at batch 6100: 54.142696
	Batch chunk 6100 - 6200 finished in 15 seconds
	Test loss (mean per sentence) at batch 6200: 54.043514
	Batch chunk 6200 - 6300 finished in 15 seconds
	Test loss (mean per sentence) at batch 6300: 54.073246
	Batch chunk 6300 - 6400 finished in 15 seconds
	Test loss (mean per sentence) at batch 6400: 53.971176
	Batch chunk 6400 - 6500 finished in 15 seconds
	Test loss (mean per sentence) at batch 6500: 53.922482
	Batch chunk 6500 - 6600 finished in 15 seconds
	Test loss (mean per sentence) at batch 6600: 53.842201
	Batch chunk 6600 - 6700 finished in 15 seconds
	Test loss (mean per sentence) at batch 6700: 53.817070
	Batch chunk 6700 - 6800 finished in 15 seconds
	Test loss (mean per sentence) at batch 6800: 53.760201
	Batch chunk 6800 - 6900 finished in 15 seconds
	Test loss (mean per sentence) at batch 6900: 53.747688
	Batch chunk 6900 - 7000 finished in 15 seconds
	Test loss (mean per sentence) at batch 7000: 53.637329
	Batch chunk 7000 - 7100 finished in 15 seconds
	Test loss (mean per sentence) at batch 7100: 53.618317
	Batch chunk 7100 - 7200 finished in 15 seconds
	Test loss (mean per sentence) at batch 7200: 53.559731
	Batch chunk 7200 - 7300 finished in 15 seconds
	Test loss (mean per sentence) at batch 7300: 53.478260
	Batch chunk 7300 - 7400 finished in 15 seconds
	Test loss (mean per sentence) at batch 7400: 53.440147
	Batch chunk 7400 - 7500 finished in 15 seconds
	Test loss (mean per sentence) at batch 7500: 53.428181
	Batch chunk 7500 - 7600 finished in 15 seconds
	Test loss (mean per sentence) at batch 7600: 53.433704
	Batch chunk 7600 - 7700 finished in 15 seconds
	Test loss (mean per sentence) at batch 7700: 53.345135
	Batch chunk 7700 - 7800 finished in 15 seconds
	Test loss (mean per sentence) at batch 7800: 53.314041
	Batch chunk 7800 - 7900 finished in 15 seconds
	Test loss (mean per sentence) at batch 7900: 53.279011
	Batch chunk 7900 - 8000 finished in 15 seconds
	Test loss (mean per sentence) at batch 8000: 53.223072
	Batch chunk 8000 - 8100 finished in 15 seconds
	Test loss (mean per sentence) at batch 8100: 53.184929
	Batch chunk 8100 - 8200 finished in 15 seconds
	Test loss (mean per sentence) at batch 8200: 53.161602
	Batch chunk 8200 - 8300 finished in 15 seconds
	Test loss (mean per sentence) at batch 8300: 53.130772
	Batch chunk 8300 - 8400 finished in 15 seconds
	Test loss (mean per sentence) at batch 8400: 53.059200
	Batch chunk 8400 - 8500 finished in 15 seconds
	Test loss (mean per sentence) at batch 8500: 53.021812
	Batch chunk 8500 - 8600 finished in 15 seconds
	Test loss (mean per sentence) at batch 8600: 52.999950
	Batch chunk 8600 - 8700 finished in 15 seconds
	Test loss (mean per sentence) at batch 8700: 52.998817
	Batch chunk 8700 - 8800 finished in 15 seconds
	Test loss (mean per sentence) at batch 8800: 52.939137
	Batch chunk 8800 - 8900 finished in 15 seconds
	Test loss (mean per sentence) at batch 8900: 52.869045
	Batch chunk 8900 - 9000 finished in 15 seconds
	Test loss (mean per sentence) at batch 9000: 52.847458
	Batch chunk 9000 - 9100 finished in 15 seconds
	Test loss (mean per sentence) at batch 9100: 52.822926
	Batch chunk 9100 - 9200 finished in 15 seconds
	Test loss (mean per sentence) at batch 9200: 52.780125
	Batch chunk 9200 - 9300 finished in 15 seconds
	Test loss (mean per sentence) at batch 9300: 52.748219
	Batch chunk 9300 - 9400 finished in 15 seconds
	Test loss (mean per sentence) at batch 9400: 52.694134
	Batch chunk 9400 - 9500 finished in 15 seconds
	Test loss (mean per sentence) at batch 9500: 52.685780
	Batch chunk 9500 - 9600 finished in 15 seconds
	Test loss (mean per sentence) at batch 9600: 52.672470
	Batch chunk 9600 - 9700 finished in 15 seconds
	Test loss (mean per sentence) at batch 9700: 52.659317
	Batch chunk 9700 - 9800 finished in 15 seconds
	Test loss (mean per sentence) at batch 9800: 52.621773
	Batch chunk 9800 - 9900 finished in 15 seconds
	Test loss (mean per sentence) at batch 9900: 52.627480
	Batch chunk 9900 - 10000 finished in 15 seconds
	Test loss (mean per sentence) at batch 10000: 52.554554
	Batch chunk 10000 - 10100 finished in 15 seconds
	Test loss (mean per sentence) at batch 10100: 52.561855
	Batch chunk 10100 - 10200 finished in 15 seconds
	Test loss (mean per sentence) at batch 10200: 52.483898
	Batch chunk 10200 - 10300 finished in 15 seconds
	Test loss (mean per sentence) at batch 10300: 52.474270
	Batch chunk 10300 - 10400 finished in 15 seconds
	Test loss (mean per sentence) at batch 10400: 52.483326
	Batch chunk 10400 - 10500 finished in 15 seconds
	Test loss (mean per sentence) at batch 10500: 52.426136
	Batch chunk 10500 - 10600 finished in 15 seconds
	Test loss (mean per sentence) at batch 10600: 52.406662
	Batch chunk 10600 - 10700 finished in 15 seconds
	Test loss (mean per sentence) at batch 10700: 52.391445
	Batch chunk 10700 - 10800 finished in 15 seconds
	Test loss (mean per sentence) at batch 10800: 52.356663
	Batch chunk 10800 - 10900 finished in 15 seconds
	Test loss (mean per sentence) at batch 10900: 52.332939
	Batch chunk 10900 - 11000 finished in 15 seconds
	Test loss (mean per sentence) at batch 11000: 52.254013
	Batch chunk 11000 - 11100 finished in 15 seconds
	Test loss (mean per sentence) at batch 11100: 52.242863
	Batch chunk 11100 - 11200 finished in 15 seconds
	Test loss (mean per sentence) at batch 11200: 52.230469
	Batch chunk 11200 - 11300 finished in 15 seconds
	Test loss (mean per sentence) at batch 11300: 52.199524
	Batch chunk 11300 - 11400 finished in 15 seconds
	Test loss (mean per sentence) at batch 11400: 52.189449
	Batch chunk 11400 - 11500 finished in 15 seconds
	Test loss (mean per sentence) at batch 11500: 52.126446
	Batch chunk 11500 - 11600 finished in 15 seconds
	Test loss (mean per sentence) at batch 11600: 52.161362
	Batch chunk 11600 - 11700 finished in 15 seconds
	Test loss (mean per sentence) at batch 11700: 52.102024
	Batch chunk 11700 - 11800 finished in 15 seconds
	Test loss (mean per sentence) at batch 11800: 52.054005
	Batch chunk 11800 - 11900 finished in 15 seconds
	Test loss (mean per sentence) at batch 11900: 52.063358
	Batch chunk 11900 - 12000 finished in 15 seconds
	Test loss (mean per sentence) at batch 12000: 52.022171
	Batch chunk 12000 - 12100 finished in 15 seconds
	Test loss (mean per sentence) at batch 12100: 51.973465
	Batch chunk 12100 - 12200 finished in 15 seconds
	Test loss (mean per sentence) at batch 12200: 51.970585
	Batch chunk 12200 - 12300 finished in 15 seconds
	Test loss (mean per sentence) at batch 12300: 51.917446
	Batch chunk 12300 - 12400 finished in 15 seconds
	Test loss (mean per sentence) at batch 12400: 51.928257
	Batch chunk 12400 - 12500 finished in 15 seconds
	Test loss (mean per sentence) at batch 12500: 51.891441
	Batch chunk 12500 - 12600 finished in 15 seconds
	Test loss (mean per sentence) at batch 12600: 51.871193
	Batch chunk 12600 - 12700 finished in 15 seconds
	Test loss (mean per sentence) at batch 12700: 51.851261
	Batch chunk 12700 - 12800 finished in 15 seconds
	Test loss (mean per sentence) at batch 12800: 51.831402
	Batch chunk 12800 - 12900 finished in 15 seconds
	Test loss (mean per sentence) at batch 12900: 51.792187
	Batch chunk 12900 - 13000 finished in 15 seconds
	Test loss (mean per sentence) at batch 13000: 51.809261
	Batch chunk 13000 - 13100 finished in 15 seconds
	Test loss (mean per sentence) at batch 13100: 51.756462
	Batch chunk 13100 - 13200 finished in 15 seconds
	Test loss (mean per sentence) at batch 13200: 51.710743
	Batch chunk 13200 - 13300 finished in 15 seconds
	Test loss (mean per sentence) at batch 13300: 51.703571
	Batch chunk 13300 - 13400 finished in 15 seconds
	Test loss (mean per sentence) at batch 13400: 51.710918
	Batch chunk 13400 - 13500 finished in 15 seconds
	Test loss (mean per sentence) at batch 13500: 51.664921
	Batch chunk 13500 - 13600 finished in 15 seconds
	Test loss (mean per sentence) at batch 13600: 51.668972
	Batch chunk 13600 - 13700 finished in 15 seconds
	Test loss (mean per sentence) at batch 13700: 51.665726
	Batch chunk 13700 - 13800 finished in 15 seconds
	Test loss (mean per sentence) at batch 13800: 51.625614
	Batch chunk 13800 - 13900 finished in 15 seconds
	Test loss (mean per sentence) at batch 13900: 51.610970
	Batch chunk 13900 - 14000 finished in 15 seconds
	Test loss (mean per sentence) at batch 14000: 51.578354
	Batch chunk 14000 - 14100 finished in 15 seconds
	Test loss (mean per sentence) at batch 14100: 51.583237
	Batch chunk 14100 - 14200 finished in 15 seconds
	Test loss (mean per sentence) at batch 14200: 51.552029
	Batch chunk 14200 - 14300 finished in 15 seconds
	Test loss (mean per sentence) at batch 14300: 51.531246
	Batch chunk 14300 - 14400 finished in 15 seconds
	Test loss (mean per sentence) at batch 14400: 51.472691
	Batch chunk 14400 - 14500 finished in 15 seconds
	Test loss (mean per sentence) at batch 14500: 51.471180
	Batch chunk 14500 - 14600 finished in 15 seconds
	Test loss (mean per sentence) at batch 14600: 51.478958
	Batch chunk 14600 - 14700 finished in 15 seconds
	Test loss (mean per sentence) at batch 14700: 51.435055
	Batch chunk 14700 - 14800 finished in 15 seconds
	Test loss (mean per sentence) at batch 14800: 51.448620
	Batch chunk 14800 - 14900 finished in 15 seconds
	Test loss (mean per sentence) at batch 14900: 51.408657
	Batch chunk 14900 - 15000 finished in 15 seconds
	Test loss (mean per sentence) at batch 15000: 51.389198
	Batch chunk 15000 - 15100 finished in 15 seconds
	Test loss (mean per sentence) at batch 15100: 51.354019
	Batch chunk 15100 - 15200 finished in 15 seconds
	Test loss (mean per sentence) at batch 15200: 51.373871
	Batch chunk 15200 - 15300 finished in 15 seconds
	Test loss (mean per sentence) at batch 15300: 51.333607
	Batch chunk 15300 - 15400 finished in 15 seconds
	Test loss (mean per sentence) at batch 15400: 51.324574
	Batch chunk 15400 - 15500 finished in 15 seconds
	Test loss (mean per sentence) at batch 15500: 51.290138
	Batch chunk 15500 - 15600 finished in 15 seconds
	Test loss (mean per sentence) at batch 15600: 51.287476
	Batch chunk 15600 - 15700 finished in 15 seconds
	Test loss (mean per sentence) at batch 15700: 51.299526
	Batch chunk 15700 - 15800 finished in 15 seconds
	Test loss (mean per sentence) at batch 15800: 51.279007
	Batch chunk 15800 - 15900 finished in 15 seconds
	Test loss (mean per sentence) at batch 15900: 51.251381
	Batch chunk 15900 - 16000 finished in 15 seconds
	Test loss (mean per sentence) at batch 16000: 51.229244
	Batch chunk 16000 - 16100 finished in 15 seconds
	Test loss (mean per sentence) at batch 16100: 51.179977
	Batch chunk 16100 - 16200 finished in 15 seconds
	Test loss (mean per sentence) at batch 16200: 51.202511
	Batch chunk 16200 - 16300 finished in 15 seconds
	Test loss (mean per sentence) at batch 16300: 51.163063
	Batch chunk 16300 - 16400 finished in 15 seconds
	Test loss (mean per sentence) at batch 16400: 51.165619
	Batch chunk 16400 - 16500 finished in 15 seconds
	Test loss (mean per sentence) at batch 16500: 51.109951
	Batch chunk 16500 - 16600 finished in 15 seconds
	Test loss (mean per sentence) at batch 16600: 51.122746
	Batch chunk 16600 - 16700 finished in 15 seconds
	Test loss (mean per sentence) at batch 16700: 51.098701
	Batch chunk 16700 - 16800 finished in 15 seconds
	Test loss (mean per sentence) at batch 16800: 51.116188
	Batch chunk 16800 - 16900 finished in 15 seconds
	Test loss (mean per sentence) at batch 16900: 51.076092
	Batch chunk 16900 - 17000 finished in 15 seconds
	Test loss (mean per sentence) at batch 17000: 51.072506
	Batch chunk 17000 - 17100 finished in 15 seconds
	Test loss (mean per sentence) at batch 17100: 51.054062
	Batch chunk 17100 - 17200 finished in 15 seconds
	Test loss (mean per sentence) at batch 17200: 51.052765
	Batch chunk 17200 - 17300 finished in 15 seconds
	Test loss (mean per sentence) at batch 17300: 51.018909
	Batch chunk 17300 - 17400 finished in 15 seconds
	Test loss (mean per sentence) at batch 17400: 51.003635
	Batch chunk 17400 - 17500 finished in 15 seconds
	Test loss (mean per sentence) at batch 17500: 50.994759
	Batch chunk 17500 - 17600 finished in 15 seconds
	Test loss (mean per sentence) at batch 17600: 50.957203
	Batch chunk 17600 - 17700 finished in 15 seconds
	Test loss (mean per sentence) at batch 17700: 50.970322
	Batch chunk 17700 - 17800 finished in 15 seconds
	Test loss (mean per sentence) at batch 17800: 50.946594
	Batch chunk 17800 - 17900 finished in 15 seconds
	Test loss (mean per sentence) at batch 17900: 50.914288
	Batch chunk 17900 - 18000 finished in 15 seconds
	Test loss (mean per sentence) at batch 18000: 50.899731
	Batch chunk 18000 - 18100 finished in 15 seconds
	Test loss (mean per sentence) at batch 18100: 50.882477
	Batch chunk 18100 - 18200 finished in 15 seconds
	Test loss (mean per sentence) at batch 18200: 50.845364
	Batch chunk 18200 - 18300 finished in 15 seconds
	Test loss (mean per sentence) at batch 18300: 50.882210
	Batch chunk 18300 - 18400 finished in 15 seconds
	Test loss (mean per sentence) at batch 18400: 50.859383
	Batch chunk 18400 - 18500 finished in 15 seconds
	Test loss (mean per sentence) at batch 18500: 50.837429
	Batch chunk 18500 - 18600 finished in 15 seconds
	Test loss (mean per sentence) at batch 18600: 50.832603
	Batch chunk 18600 - 18700 finished in 15 seconds
	Test loss (mean per sentence) at batch 18700: 50.825851
	Batch chunk 18700 - 18800 finished in 15 seconds
	Test loss (mean per sentence) at batch 18800: 50.807896
	Batch chunk 18800 - 18900 finished in 15 seconds
	Test loss (mean per sentence) at batch 18900: 50.815678
	Batch chunk 18900 - 19000 finished in 15 seconds
	Test loss (mean per sentence) at batch 19000: 50.810253
	Batch chunk 19000 - 19100 finished in 15 seconds
	Test loss (mean per sentence) at batch 19100: 50.793903
	Batch chunk 19100 - 19200 finished in 15 seconds
	Test loss (mean per sentence) at batch 19200: 50.753471
	Batch chunk 19200 - 19300 finished in 15 seconds
	Test loss (mean per sentence) at batch 19300: 50.766579
	Batch chunk 19300 - 19400 finished in 15 seconds
	Test loss (mean per sentence) at batch 19400: 50.730694
	Batch chunk 19400 - 19500 finished in 15 seconds
	Test loss (mean per sentence) at batch 19500: 50.717422
	Batch chunk 19500 - 19600 finished in 15 seconds
	Test loss (mean per sentence) at batch 19600: 50.714245
	Batch chunk 19600 - 19700 finished in 15 seconds
	Test loss (mean per sentence) at batch 19700: 50.680275
	Batch chunk 19700 - 19800 finished in 15 seconds
	Test loss (mean per sentence) at batch 19800: 50.708076
	Batch chunk 19800 - 19900 finished in 15 seconds
	Test loss (mean per sentence) at batch 19900: 50.692574
	Batch chunk 19900 - 20000 finished in 15 seconds
	Test loss (mean per sentence) at batch 20000: 50.669445
	Batch chunk 20000 - 20100 finished in 15 seconds
	Test loss (mean per sentence) at batch 20100: 50.676186
	Batch chunk 20100 - 20200 finished in 15 seconds
	Test loss (mean per sentence) at batch 20200: 50.656937
	Batch chunk 20200 - 20300 finished in 15 seconds
	Test loss (mean per sentence) at batch 20300: 50.642017
	Batch chunk 20300 - 20400 finished in 15 seconds
	Test loss (mean per sentence) at batch 20400: 50.596611
	Batch chunk 20400 - 20500 finished in 15 seconds
	Test loss (mean per sentence) at batch 20500: 50.637630
	Batch chunk 20500 - 20600 finished in 15 seconds
	Test loss (mean per sentence) at batch 20600: 50.621681
	Batch chunk 20600 - 20700 finished in 15 seconds
	Test loss (mean per sentence) at batch 20700: 50.589046
	Batch chunk 20700 - 20800 finished in 15 seconds
	Test loss (mean per sentence) at batch 20800: 50.601395
	Batch chunk 20800 - 20900 finished in 15 seconds
	Test loss (mean per sentence) at batch 20900: 50.554184
	Batch chunk 20900 - 21000 finished in 15 seconds
	Test loss (mean per sentence) at batch 21000: 50.559414
	Batch chunk 21000 - 21100 finished in 15 seconds
	Test loss (mean per sentence) at batch 21100: 50.524437
	Batch chunk 21100 - 21200 finished in 15 seconds
	Test loss (mean per sentence) at batch 21200: 50.525326
	Batch chunk 21200 - 21300 finished in 15 seconds
	Test loss (mean per sentence) at batch 21300: 50.508347
	Batch chunk 21300 - 21400 finished in 15 seconds
	Test loss (mean per sentence) at batch 21400: 50.491291
	Batch chunk 21400 - 21500 finished in 15 seconds
	Test loss (mean per sentence) at batch 21500: 50.511677
	Batch chunk 21500 - 21600 finished in 15 seconds
	Test loss (mean per sentence) at batch 21600: 50.475555
	Batch chunk 21600 - 21700 finished in 15 seconds
	Test loss (mean per sentence) at batch 21700: 50.485901
	Batch chunk 21700 - 21800 finished in 15 seconds
	Test loss (mean per sentence) at batch 21800: 50.449383
	Batch chunk 21800 - 21900 finished in 15 seconds
	Test loss (mean per sentence) at batch 21900: 50.442795
	Batch chunk 21900 - 22000 finished in 15 seconds
	Test loss (mean per sentence) at batch 22000: 50.441914
	Batch chunk 22000 - 22100 finished in 15 seconds
	Test loss (mean per sentence) at batch 22100: 50.423771
	Batch chunk 22100 - 22200 finished in 15 seconds
	Test loss (mean per sentence) at batch 22200: 50.414413
	Batch chunk 22200 - 22300 finished in 15 seconds
	Test loss (mean per sentence) at batch 22300: 50.420731
	Batch chunk 22300 - 22400 finished in 15 seconds
	Test loss (mean per sentence) at batch 22400: 50.389599
	Batch chunk 22400 - 22500 finished in 15 seconds
	Test loss (mean per sentence) at batch 22500: 50.399155
	Batch chunk 22500 - 22600 finished in 15 seconds
	Test loss (mean per sentence) at batch 22600: 50.388721
	Batch chunk 22600 - 22700 finished in 15 seconds
	Test loss (mean per sentence) at batch 22700: 50.371197
	Batch chunk 22700 - 22800 finished in 15 seconds
	Test loss (mean per sentence) at batch 22800: 50.368744
	Batch chunk 22800 - 22900 finished in 15 seconds
	Test loss (mean per sentence) at batch 22900: 50.358368
	Batch chunk 22900 - 23000 finished in 15 seconds
	Test loss (mean per sentence) at batch 23000: 50.334183
	Batch chunk 23000 - 23100 finished in 15 seconds
	Test loss (mean per sentence) at batch 23100: 50.313358
	Batch chunk 23100 - 23200 finished in 15 seconds
	Test loss (mean per sentence) at batch 23200: 50.322433
	Batch chunk 23200 - 23300 finished in 15 seconds
	Test loss (mean per sentence) at batch 23300: 50.295544
	Batch chunk 23300 - 23400 finished in 15 seconds
	Test loss (mean per sentence) at batch 23400: 50.307232
	Batch chunk 23400 - 23500 finished in 15 seconds
	Test loss (mean per sentence) at batch 23500: 50.296997
	Batch chunk 23500 - 23600 finished in 15 seconds
	Test loss (mean per sentence) at batch 23600: 50.277470
	Batch chunk 23600 - 23700 finished in 15 seconds
	Test loss (mean per sentence) at batch 23700: 50.265251
	Batch chunk 23700 - 23800 finished in 15 seconds
	Test loss (mean per sentence) at batch 23800: 50.253658
	Batch chunk 23800 - 23900 finished in 15 seconds
	Test loss (mean per sentence) at batch 23900: 50.254841
	Batch chunk 23900 - 24000 finished in 15 seconds
	Test loss (mean per sentence) at batch 24000: 50.244503
	Batch chunk 24000 - 24100 finished in 15 seconds
	Test loss (mean per sentence) at batch 24100: 50.237591
	Batch chunk 24100 - 24200 finished in 15 seconds
	Test loss (mean per sentence) at batch 24200: 50.193207
	Batch chunk 24200 - 24300 finished in 15 seconds
	Test loss (mean per sentence) at batch 24300: 50.197407
	Batch chunk 24300 - 24400 finished in 15 seconds
	Test loss (mean per sentence) at batch 24400: 50.184475
	Batch chunk 24400 - 24500 finished in 15 seconds
	Test loss (mean per sentence) at batch 24500: 50.189907
	Batch chunk 24500 - 24600 finished in 15 seconds
	Test loss (mean per sentence) at batch 24600: 50.157936
	Batch chunk 24600 - 24700 finished in 15 seconds
	Test loss (mean per sentence) at batch 24700: 50.179379
	Batch chunk 24700 - 24800 finished in 15 seconds
	Test loss (mean per sentence) at batch 24800: 50.159420
	Batch chunk 24800 - 24900 finished in 15 seconds
	Test loss (mean per sentence) at batch 24900: 50.123039
	Batch chunk 24900 - 25000 finished in 15 seconds
	Test loss (mean per sentence) at batch 25000: 50.141041
	Batch chunk 25000 - 25100 finished in 15 seconds
	Test loss (mean per sentence) at batch 25100: 50.136051
	Batch chunk 25100 - 25200 finished in 15 seconds
	Test loss (mean per sentence) at batch 25200: 50.131794
	Batch chunk 25200 - 25300 finished in 15 seconds
	Test loss (mean per sentence) at batch 25300: 50.125069
	Batch chunk 25300 - 25400 finished in 15 seconds
	Test loss (mean per sentence) at batch 25400: 50.111080
	Batch chunk 25400 - 25500 finished in 15 seconds
	Test loss (mean per sentence) at batch 25500: 50.110374
	Batch chunk 25500 - 25600 finished in 15 seconds
	Test loss (mean per sentence) at batch 25600: 50.094837
	Batch chunk 25600 - 25700 finished in 15 seconds
	Test loss (mean per sentence) at batch 25700: 50.078133
	Batch chunk 25700 - 25800 finished in 15 seconds
	Test loss (mean per sentence) at batch 25800: 50.071762
	Batch chunk 25800 - 25900 finished in 15 seconds
	Test loss (mean per sentence) at batch 25900: 50.105209
	Batch chunk 25900 - 26000 finished in 15 seconds
	Test loss (mean per sentence) at batch 26000: 50.052658
	Batch chunk 26000 - 26100 finished in 15 seconds
	Test loss (mean per sentence) at batch 26100: 50.051079
	Batch chunk 26100 - 26200 finished in 15 seconds
	Test loss (mean per sentence) at batch 26200: 50.034588
	Batch chunk 26200 - 26300 finished in 15 seconds
	Test loss (mean per sentence) at batch 26300: 50.039307
	Batch chunk 26300 - 26400 finished in 15 seconds
	Test loss (mean per sentence) at batch 26400: 50.038773
	Batch chunk 26400 - 26500 finished in 15 seconds
	Test loss (mean per sentence) at batch 26500: 50.039322
	Batch chunk 26500 - 26600 finished in 15 seconds
	Test loss (mean per sentence) at batch 26600: 50.022816
	Batch chunk 26600 - 26700 finished in 15 seconds
	Test loss (mean per sentence) at batch 26700: 50.007210
	Batch chunk 26700 - 26800 finished in 15 seconds
	Test loss (mean per sentence) at batch 26800: 50.007828
	Batch chunk 26800 - 26900 finished in 15 seconds
	Test loss (mean per sentence) at batch 26900: 49.989483
	Batch chunk 26900 - 27000 finished in 15 seconds
	Test loss (mean per sentence) at batch 27000: 49.979713
	Batch chunk 27000 - 27100 finished in 15 seconds
	Test loss (mean per sentence) at batch 27100: 49.975941
	Batch chunk 27100 - 27200 finished in 15 seconds
	Test loss (mean per sentence) at batch 27200: 49.965950
	Batch chunk 27200 - 27300 finished in 15 seconds
	Test loss (mean per sentence) at batch 27300: 49.956665
	Batch chunk 27300 - 27400 finished in 15 seconds
	Test loss (mean per sentence) at batch 27400: 49.950359
	Batch chunk 27400 - 27500 finished in 15 seconds
	Test loss (mean per sentence) at batch 27500: 49.962181
	Batch chunk 27500 - 27600 finished in 15 seconds
	Test loss (mean per sentence) at batch 27600: 49.918266
	Batch chunk 27600 - 27700 finished in 15 seconds
	Test loss (mean per sentence) at batch 27700: 49.932465
	Batch chunk 27700 - 27800 finished in 15 seconds
	Test loss (mean per sentence) at batch 27800: 49.931889
	Batch chunk 27800 - 27900 finished in 15 seconds
	Test loss (mean per sentence) at batch 27900: 49.890049
	Batch chunk 27900 - 28000 finished in 15 seconds
	Test loss (mean per sentence) at batch 28000: 49.905548
	Batch chunk 28000 - 28100 finished in 15 seconds
	Test loss (mean per sentence) at batch 28100: 49.919682
	Batch chunk 28100 - 28200 finished in 15 seconds
	Test loss (mean per sentence) at batch 28200: 49.881649
	Batch chunk 28200 - 28300 finished in 15 seconds
	Test loss (mean per sentence) at batch 28300: 49.901447
	Batch chunk 28300 - 28400 finished in 15 seconds
	Test loss (mean per sentence) at batch 28400: 49.877686
	Batch chunk 28400 - 28500 finished in 15 seconds
	Test loss (mean per sentence) at batch 28500: 49.876411
	Batch chunk 28500 - 28600 finished in 15 seconds
	Test loss (mean per sentence) at batch 28600: 49.863575
	Batch chunk 28600 - 28700 finished in 15 seconds
	Test loss (mean per sentence) at batch 28700: 49.869377
	Batch chunk 28700 - 28800 finished in 15 seconds
	Test loss (mean per sentence) at batch 28800: 49.871338
	Batch chunk 28800 - 28900 finished in 15 seconds
	Test loss (mean per sentence) at batch 28900: 49.845936
	Batch chunk 28900 - 29000 finished in 15 seconds
	Test loss (mean per sentence) at batch 29000: 49.838978
	Batch chunk 29000 - 29100 finished in 15 seconds
	Test loss (mean per sentence) at batch 29100: 49.834805
	Batch chunk 29100 - 29200 finished in 15 seconds
	Test loss (mean per sentence) at batch 29200: 49.811150
	Batch chunk 29200 - 29300 finished in 15 seconds
	Test loss (mean per sentence) at batch 29300: 49.820534
	Batch chunk 29300 - 29400 finished in 15 seconds
	Test loss (mean per sentence) at batch 29400: 49.789825
	Batch chunk 29400 - 29500 finished in 15 seconds
	Test loss (mean per sentence) at batch 29500: 49.807716
	Batch chunk 29500 - 29600 finished in 15 seconds
	Test loss (mean per sentence) at batch 29600: 49.806870
	Batch chunk 29600 - 29700 finished in 15 seconds
	Test loss (mean per sentence) at batch 29700: 49.806808
	Batch chunk 29700 - 29800 finished in 15 seconds
	Test loss (mean per sentence) at batch 29800: 49.765350
	Batch chunk 29800 - 29900 finished in 15 seconds
	Test loss (mean per sentence) at batch 29900: 49.772606
	Batch chunk 29900 - 30000 finished in 15 seconds
	Test loss (mean per sentence) at batch 30000: 49.749104
	Batch chunk 30000 - 30100 finished in 15 seconds
	Test loss (mean per sentence) at batch 30100: 49.728863
	Batch chunk 30100 - 30200 finished in 15 seconds
	Test loss (mean per sentence) at batch 30200: 49.717468
	Batch chunk 30200 - 30300 finished in 15 seconds
	Test loss (mean per sentence) at batch 30300: 49.713428
	Batch chunk 30300 - 30400 finished in 15 seconds
	Test loss (mean per sentence) at batch 30400: 49.702675
	Batch chunk 30400 - 30500 finished in 15 seconds
	Test loss (mean per sentence) at batch 30500: 49.706314
	Batch chunk 30500 - 30600 finished in 15 seconds
	Test loss (mean per sentence) at batch 30600: 49.710976
	Batch chunk 30600 - 30700 finished in 15 seconds
	Test loss (mean per sentence) at batch 30700: 49.728527
Epoch completed in 7348 seconds.
Starting epoch 1...
	Batch chunk 0 - 100 finished in 15 seconds
	Test loss (mean per sentence) at batch 100: 49.713242
	Batch chunk 100 - 200 finished in 15 seconds
	Test loss (mean per sentence) at batch 200: 49.713318
	Batch chunk 200 - 300 finished in 15 seconds
	Test loss (mean per sentence) at batch 300: 49.696507
	Batch chunk 300 - 400 finished in 15 seconds
	Test loss (mean per sentence) at batch 400: 49.698780
	Batch chunk 400 - 500 finished in 15 seconds
	Test loss (mean per sentence) at batch 500: 49.706554
	Batch chunk 500 - 600 finished in 15 seconds
	Test loss (mean per sentence) at batch 600: 49.711662
	Batch chunk 600 - 700 finished in 15 seconds
	Test loss (mean per sentence) at batch 700: 49.712120
	Batch chunk 700 - 800 finished in 15 seconds
	Test loss (mean per sentence) at batch 800: 49.692760
	Batch chunk 800 - 900 finished in 15 seconds
	Test loss (mean per sentence) at batch 900: 49.695431
	Batch chunk 900 - 1000 finished in 15 seconds
	Test loss (mean per sentence) at batch 1000: 49.709652
	Batch chunk 1000 - 1100 finished in 15 seconds
	Test loss (mean per sentence) at batch 1100: 49.699947
	Batch chunk 1100 - 1200 finished in 15 seconds
	Test loss (mean per sentence) at batch 1200: 49.699726
	Batch chunk 1200 - 1300 finished in 15 seconds
	Test loss (mean per sentence) at batch 1300: 49.684578
	Batch chunk 1300 - 1400 finished in 15 seconds
	Test loss (mean per sentence) at batch 1400: 49.680004
	Batch chunk 1400 - 1500 finished in 15 seconds
	Test loss (mean per sentence) at batch 1500: 49.684460
	Batch chunk 1500 - 1600 finished in 15 seconds
	Test loss (mean per sentence) at batch 1600: 49.652565
	Batch chunk 1600 - 1700 finished in 15 seconds
	Test loss (mean per sentence) at batch 1700: 49.665234
	Batch chunk 1700 - 1800 finished in 15 seconds
	Test loss (mean per sentence) at batch 1800: 49.682743
	Batch chunk 1800 - 1900 finished in 15 seconds
	Test loss (mean per sentence) at batch 1900: 49.660343
	Batch chunk 1900 - 2000 finished in 15 seconds
	Test loss (mean per sentence) at batch 2000: 49.659603
	Batch chunk 2000 - 2100 finished in 15 seconds
	Test loss (mean per sentence) at batch 2100: 49.654598
	Batch chunk 2100 - 2200 finished in 15 seconds
	Test loss (mean per sentence) at batch 2200: 49.640369
	Batch chunk 2200 - 2300 finished in 15 seconds
	Test loss (mean per sentence) at batch 2300: 49.644394
	Batch chunk 2300 - 2400 finished in 15 seconds
	Test loss (mean per sentence) at batch 2400: 49.629261
	Batch chunk 2400 - 2500 finished in 15 seconds
	Test loss (mean per sentence) at batch 2500: 49.622158
	Batch chunk 2500 - 2600 finished in 15 seconds
	Test loss (mean per sentence) at batch 2600: 49.633041
	Batch chunk 2600 - 2700 finished in 15 seconds
	Test loss (mean per sentence) at batch 2700: 49.620392
	Batch chunk 2700 - 2800 finished in 15 seconds
	Test loss (mean per sentence) at batch 2800: 49.631149
	Batch chunk 2800 - 2900 finished in 15 seconds
	Test loss (mean per sentence) at batch 2900: 49.599716
	Batch chunk 2900 - 3000 finished in 15 seconds
	Test loss (mean per sentence) at batch 3000: 49.615471
	Batch chunk 3000 - 3100 finished in 15 seconds
	Test loss (mean per sentence) at batch 3100: 49.610386
	Batch chunk 3100 - 3200 finished in 15 seconds
	Test loss (mean per sentence) at batch 3200: 49.610092
	Batch chunk 3200 - 3300 finished in 15 seconds
	Test loss (mean per sentence) at batch 3300: 49.601292
	Batch chunk 3300 - 3400 finished in 15 seconds
	Test loss (mean per sentence) at batch 3400: 49.606865
	Batch chunk 3400 - 3500 finished in 15 seconds
	Test loss (mean per sentence) at batch 3500: 49.590664
	Batch chunk 3500 - 3600 finished in 15 seconds
	Test loss (mean per sentence) at batch 3600: 49.582920
	Batch chunk 3600 - 3700 finished in 15 seconds
	Test loss (mean per sentence) at batch 3700: 49.587021
	Batch chunk 3700 - 3800 finished in 15 seconds
	Test loss (mean per sentence) at batch 3800: 49.586514
	Batch chunk 3800 - 3900 finished in 15 seconds
	Test loss (mean per sentence) at batch 3900: 49.586647
	Batch chunk 3900 - 4000 finished in 15 seconds
	Test loss (mean per sentence) at batch 4000: 49.559902
	Batch chunk 4000 - 4100 finished in 15 seconds
	Test loss (mean per sentence) at batch 4100: 49.554787
	Batch chunk 4100 - 4200 finished in 15 seconds
	Test loss (mean per sentence) at batch 4200: 49.565979
	Batch chunk 4200 - 4300 finished in 15 seconds
	Test loss (mean per sentence) at batch 4300: 49.570789
	Batch chunk 4300 - 4400 finished in 15 seconds
	Test loss (mean per sentence) at batch 4400: 49.569271
	Batch chunk 4400 - 4500 finished in 15 seconds
	Test loss (mean per sentence) at batch 4500: 49.573387
	Batch chunk 4500 - 4600 finished in 15 seconds
	Test loss (mean per sentence) at batch 4600: 49.593513
	Batch chunk 4600 - 4700 finished in 15 seconds
	Test loss (mean per sentence) at batch 4700: 49.583744
	Batch chunk 4700 - 4800 finished in 15 seconds
	Test loss (mean per sentence) at batch 4800: 49.576458
	Batch chunk 4800 - 4900 finished in 15 seconds
	Test loss (mean per sentence) at batch 4900: 49.564117
	Batch chunk 4900 - 5000 finished in 15 seconds
	Test loss (mean per sentence) at batch 5000: 49.541218
	Batch chunk 5000 - 5100 finished in 15 seconds
	Test loss (mean per sentence) at batch 5100: 49.544453
	Batch chunk 5100 - 5200 finished in 15 seconds
	Test loss (mean per sentence) at batch 5200: 49.557732
	Batch chunk 5200 - 5300 finished in 15 seconds
	Test loss (mean per sentence) at batch 5300: 49.574886
	Batch chunk 5300 - 5400 finished in 15 seconds
	Test loss (mean per sentence) at batch 5400: 49.550087
	Batch chunk 5400 - 5500 finished in 15 seconds
	Test loss (mean per sentence) at batch 5500: 49.526363
	Batch chunk 5500 - 5600 finished in 15 seconds
	Test loss (mean per sentence) at batch 5600: 49.493019
	Batch chunk 5600 - 5700 finished in 15 seconds
	Test loss (mean per sentence) at batch 5700: 49.534164
	Batch chunk 5700 - 5800 finished in 15 seconds
	Test loss (mean per sentence) at batch 5800: 49.532223
	Batch chunk 5800 - 5900 finished in 15 seconds
	Test loss (mean per sentence) at batch 5900: 49.505535
	Batch chunk 5900 - 6000 finished in 15 seconds
	Test loss (mean per sentence) at batch 6000: 49.500622
	Batch chunk 6000 - 6100 finished in 15 seconds
	Test loss (mean per sentence) at batch 6100: 49.480644
	Batch chunk 6100 - 6200 finished in 15 seconds
	Test loss (mean per sentence) at batch 6200: 49.515251
	Batch chunk 6200 - 6300 finished in 15 seconds
	Test loss (mean per sentence) at batch 6300: 49.514809
	Batch chunk 6300 - 6400 finished in 15 seconds
	Test loss (mean per sentence) at batch 6400: 49.514664
	Batch chunk 6400 - 6500 finished in 15 seconds
	Test loss (mean per sentence) at batch 6500: 49.485611
	Batch chunk 6500 - 6600 finished in 15 seconds
	Test loss (mean per sentence) at batch 6600: 49.499680
	Batch chunk 6600 - 6700 finished in 15 seconds
	Test loss (mean per sentence) at batch 6700: 49.491493
	Batch chunk 6700 - 6800 finished in 15 seconds
	Test loss (mean per sentence) at batch 6800: 49.464962
	Batch chunk 6800 - 6900 finished in 15 seconds
	Test loss (mean per sentence) at batch 6900: 49.488956
	Batch chunk 6900 - 7000 finished in 15 seconds
	Test loss (mean per sentence) at batch 7000: 49.473736
	Batch chunk 7000 - 7100 finished in 15 seconds
	Test loss (mean per sentence) at batch 7100: 49.453030
	Batch chunk 7100 - 7200 finished in 15 seconds
	Test loss (mean per sentence) at batch 7200: 49.454643
	Batch chunk 7200 - 7300 finished in 15 seconds
	Test loss (mean per sentence) at batch 7300: 49.454849
	Batch chunk 7300 - 7400 finished in 15 seconds
	Test loss (mean per sentence) at batch 7400: 49.448235
	Batch chunk 7400 - 7500 finished in 15 seconds
	Test loss (mean per sentence) at batch 7500: 49.422901
	Batch chunk 7500 - 7600 finished in 15 seconds
	Test loss (mean per sentence) at batch 7600: 49.438572
	Batch chunk 7600 - 7700 finished in 15 seconds
	Test loss (mean per sentence) at batch 7700: 49.422504
	Batch chunk 7700 - 7800 finished in 15 seconds
	Test loss (mean per sentence) at batch 7800: 49.410446
	Batch chunk 7800 - 7900 finished in 15 seconds
	Test loss (mean per sentence) at batch 7900: 49.386871
	Batch chunk 7900 - 8000 finished in 15 seconds
	Test loss (mean per sentence) at batch 8000: 49.364559
	Batch chunk 8000 - 8100 finished in 15 seconds
	Test loss (mean per sentence) at batch 8100: 49.385208
	Batch chunk 8100 - 8200 finished in 15 seconds
	Test loss (mean per sentence) at batch 8200: 49.396564
	Batch chunk 8200 - 8300 finished in 15 seconds
	Test loss (mean per sentence) at batch 8300: 49.420780
	Batch chunk 8300 - 8400 finished in 15 seconds
	Test loss (mean per sentence) at batch 8400: 49.398548
	Batch chunk 8400 - 8500 finished in 15 seconds
	Test loss (mean per sentence) at batch 8500: 49.404003
	Batch chunk 8500 - 8600 finished in 15 seconds
	Test loss (mean per sentence) at batch 8600: 49.379410
	Batch chunk 8600 - 8700 finished in 15 seconds
	Test loss (mean per sentence) at batch 8700: 49.375019
	Batch chunk 8700 - 8800 finished in 15 seconds
	Test loss (mean per sentence) at batch 8800: 49.364635
	Batch chunk 8800 - 8900 finished in 15 seconds
	Test loss (mean per sentence) at batch 8900: 49.352726
	Batch chunk 8900 - 9000 finished in 15 seconds
	Test loss (mean per sentence) at batch 9000: 49.377663
	Batch chunk 9000 - 9100 finished in 15 seconds
	Test loss (mean per sentence) at batch 9100: 49.374321
	Batch chunk 9100 - 9200 finished in 15 seconds
	Test loss (mean per sentence) at batch 9200: 49.364670
	Batch chunk 9200 - 9300 finished in 15 seconds
	Test loss (mean per sentence) at batch 9300: 49.378174
	Batch chunk 9300 - 9400 finished in 15 seconds
	Test loss (mean per sentence) at batch 9400: 49.351139
	Batch chunk 9400 - 9500 finished in 15 seconds
	Test loss (mean per sentence) at batch 9500: 49.326290
	Batch chunk 9500 - 9600 finished in 15 seconds
	Test loss (mean per sentence) at batch 9600: 49.313831
	Batch chunk 9600 - 9700 finished in 15 seconds
	Test loss (mean per sentence) at batch 9700: 49.305672
	Batch chunk 9700 - 9800 finished in 15 seconds
	Test loss (mean per sentence) at batch 9800: 49.315228
	Batch chunk 9800 - 9900 finished in 15 seconds
	Test loss (mean per sentence) at batch 9900: 49.318321
	Batch chunk 9900 - 10000 finished in 15 seconds
	Test loss (mean per sentence) at batch 10000: 49.315166
	Batch chunk 10000 - 10100 finished in 15 seconds
	Test loss (mean per sentence) at batch 10100: 49.291485
	Batch chunk 10100 - 10200 finished in 15 seconds
	Test loss (mean per sentence) at batch 10200: 49.291965
	Batch chunk 10200 - 10300 finished in 15 seconds
	Test loss (mean per sentence) at batch 10300: 49.316547
	Batch chunk 10300 - 10400 finished in 15 seconds
	Test loss (mean per sentence) at batch 10400: 49.278366
	Batch chunk 10400 - 10500 finished in 15 seconds
	Test loss (mean per sentence) at batch 10500: 49.303761
	Batch chunk 10500 - 10600 finished in 15 seconds
	Test loss (mean per sentence) at batch 10600: 49.275928
	Batch chunk 10600 - 10700 finished in 15 seconds
	Test loss (mean per sentence) at batch 10700: 49.303169
	Batch chunk 10700 - 10800 finished in 15 seconds
	Test loss (mean per sentence) at batch 10800: 49.285789
	Batch chunk 10800 - 10900 finished in 15 seconds
	Test loss (mean per sentence) at batch 10900: 49.283432
	Batch chunk 10900 - 11000 finished in 15 seconds
	Test loss (mean per sentence) at batch 11000: 49.266460
	Batch chunk 11000 - 11100 finished in 15 seconds
	Test loss (mean per sentence) at batch 11100: 49.256409
	Batch chunk 11100 - 11200 finished in 15 seconds
	Test loss (mean per sentence) at batch 11200: 49.244961
	Batch chunk 11200 - 11300 finished in 15 seconds
	Test loss (mean per sentence) at batch 11300: 49.242100
	Batch chunk 11300 - 11400 finished in 15 seconds
	Test loss (mean per sentence) at batch 11400: 49.245220
	Batch chunk 11400 - 11500 finished in 15 seconds
	Test loss (mean per sentence) at batch 11500: 49.236916
	Batch chunk 11500 - 11600 finished in 15 seconds
	Test loss (mean per sentence) at batch 11600: 49.203373
	Batch chunk 11600 - 11700 finished in 15 seconds
	Test loss (mean per sentence) at batch 11700: 49.201794
	Batch chunk 11700 - 11800 finished in 15 seconds
	Test loss (mean per sentence) at batch 11800: 49.218468
	Batch chunk 11800 - 11900 finished in 15 seconds
	Test loss (mean per sentence) at batch 11900: 49.208935
	Batch chunk 11900 - 12000 finished in 15 seconds
	Test loss (mean per sentence) at batch 12000: 49.232655
	Batch chunk 12000 - 12100 finished in 15 seconds
	Test loss (mean per sentence) at batch 12100: 49.217625
	Batch chunk 12100 - 12200 finished in 15 seconds
	Test loss (mean per sentence) at batch 12200: 49.205624
	Batch chunk 12200 - 12300 finished in 15 seconds
	Test loss (mean per sentence) at batch 12300: 49.214226
	Batch chunk 12300 - 12400 finished in 15 seconds
	Test loss (mean per sentence) at batch 12400: 49.221527
	Batch chunk 12400 - 12500 finished in 15 seconds
	Test loss (mean per sentence) at batch 12500: 49.213005
	Batch chunk 12500 - 12600 finished in 15 seconds
	Test loss (mean per sentence) at batch 12600: 49.186169
	Batch chunk 12600 - 12700 finished in 15 seconds
	Test loss (mean per sentence) at batch 12700: 49.194443
	Batch chunk 12700 - 12800 finished in 15 seconds
	Test loss (mean per sentence) at batch 12800: 49.176895
	Batch chunk 12800 - 12900 finished in 15 seconds
	Test loss (mean per sentence) at batch 12900: 49.201923
	Batch chunk 12900 - 13000 finished in 15 seconds
	Test loss (mean per sentence) at batch 13000: 49.201096
	Batch chunk 13000 - 13100 finished in 15 seconds
	Test loss (mean per sentence) at batch 13100: 49.177330
	Batch chunk 13100 - 13200 finished in 15 seconds
	Test loss (mean per sentence) at batch 13200: 49.164337
	Batch chunk 13200 - 13300 finished in 15 seconds
	Test loss (mean per sentence) at batch 13300: 49.197258
	Batch chunk 13300 - 13400 finished in 15 seconds
	Test loss (mean per sentence) at batch 13400: 49.200966
	Batch chunk 13400 - 13500 finished in 15 seconds
	Test loss (mean per sentence) at batch 13500: 49.172054
	Batch chunk 13500 - 13600 finished in 15 seconds
	Test loss (mean per sentence) at batch 13600: 49.151031
	Batch chunk 13600 - 13700 finished in 15 seconds
	Test loss (mean per sentence) at batch 13700: 49.174431
	Batch chunk 13700 - 13800 finished in 15 seconds
	Test loss (mean per sentence) at batch 13800: 49.162228
	Batch chunk 13800 - 13900 finished in 15 seconds
	Test loss (mean per sentence) at batch 13900: 49.172028
	Batch chunk 13900 - 14000 finished in 15 seconds
	Test loss (mean per sentence) at batch 14000: 49.177876
	Batch chunk 14000 - 14100 finished in 15 seconds
	Test loss (mean per sentence) at batch 14100: 49.193905
	Batch chunk 14100 - 14200 finished in 15 seconds
	Test loss (mean per sentence) at batch 14200: 49.144035
	Batch chunk 14200 - 14300 finished in 15 seconds
	Test loss (mean per sentence) at batch 14300: 49.139927
	Batch chunk 14300 - 14400 finished in 15 seconds
	Test loss (mean per sentence) at batch 14400: 49.165485
	Batch chunk 14400 - 14500 finished in 15 seconds
	Test loss (mean per sentence) at batch 14500: 49.124313
	Batch chunk 14500 - 14600 finished in 15 seconds
	Test loss (mean per sentence) at batch 14600: 49.158413
	Batch chunk 14600 - 14700 finished in 15 seconds
	Test loss (mean per sentence) at batch 14700: 49.147274
	Batch chunk 14700 - 14800 finished in 15 seconds
	Test loss (mean per sentence) at batch 14800: 49.135708
	Batch chunk 14800 - 14900 finished in 15 seconds
	Test loss (mean per sentence) at batch 14900: 49.098915
	Batch chunk 14900 - 15000 finished in 15 seconds
	Test loss (mean per sentence) at batch 15000: 49.123783
	Batch chunk 15000 - 15100 finished in 15 seconds
	Test loss (mean per sentence) at batch 15100: 49.131287
	Batch chunk 15100 - 15200 finished in 15 seconds
	Test loss (mean per sentence) at batch 15200: 49.167095
	Batch chunk 15200 - 15300 finished in 15 seconds
	Test loss (mean per sentence) at batch 15300: 49.113861
	Batch chunk 15300 - 15400 finished in 15 seconds
	Test loss (mean per sentence) at batch 15400: 49.126720
	Batch chunk 15400 - 15500 finished in 15 seconds
	Test loss (mean per sentence) at batch 15500: 49.089401
	Batch chunk 15500 - 15600 finished in 15 seconds
	Test loss (mean per sentence) at batch 15600: 49.103016
	Batch chunk 15600 - 15700 finished in 15 seconds
	Test loss (mean per sentence) at batch 15700: 49.096676
	Batch chunk 15700 - 15800 finished in 15 seconds
	Test loss (mean per sentence) at batch 15800: 49.106358
	Batch chunk 15800 - 15900 finished in 15 seconds
	Test loss (mean per sentence) at batch 15900: 49.105000
	Batch chunk 15900 - 16000 finished in 15 seconds
	Test loss (mean per sentence) at batch 16000: 49.107040
	Batch chunk 16000 - 16100 finished in 15 seconds
	Test loss (mean per sentence) at batch 16100: 49.083061
	Batch chunk 16100 - 16200 finished in 15 seconds
	Test loss (mean per sentence) at batch 16200: 49.091415
	Batch chunk 16200 - 16300 finished in 15 seconds
	Test loss (mean per sentence) at batch 16300: 49.072178
	Batch chunk 16300 - 16400 finished in 15 seconds
	Test loss (mean per sentence) at batch 16400: 49.066700
	Batch chunk 16400 - 16500 finished in 15 seconds
	Test loss (mean per sentence) at batch 16500: 49.071243
	Batch chunk 16500 - 16600 finished in 15 seconds
	Test loss (mean per sentence) at batch 16600: 49.070129
	Batch chunk 16600 - 16700 finished in 15 seconds
	Test loss (mean per sentence) at batch 16700: 49.055729
	Batch chunk 16700 - 16800 finished in 15 seconds
	Test loss (mean per sentence) at batch 16800: 49.064232
	Batch chunk 16800 - 16900 finished in 15 seconds
	Test loss (mean per sentence) at batch 16900: 49.046432
	Batch chunk 16900 - 17000 finished in 15 seconds
	Test loss (mean per sentence) at batch 17000: 49.050190
	Batch chunk 17000 - 17100 finished in 15 seconds
	Test loss (mean per sentence) at batch 17100: 49.056519
	Batch chunk 17100 - 17200 finished in 15 seconds
	Test loss (mean per sentence) at batch 17200: 49.030094
	Batch chunk 17200 - 17300 finished in 15 seconds
	Test loss (mean per sentence) at batch 17300: 49.024475
	Batch chunk 17300 - 17400 finished in 15 seconds
	Test loss (mean per sentence) at batch 17400: 49.075768
	Batch chunk 17400 - 17500 finished in 15 seconds
	Test loss (mean per sentence) at batch 17500: 49.027199
	Batch chunk 17500 - 17600 finished in 15 seconds
	Test loss (mean per sentence) at batch 17600: 49.036240
	Batch chunk 17600 - 17700 finished in 15 seconds
	Test loss (mean per sentence) at batch 17700: 49.038326
	Batch chunk 17700 - 17800 finished in 15 seconds
	Test loss (mean per sentence) at batch 17800: 49.029957
	Batch chunk 17800 - 17900 finished in 15 seconds
	Test loss (mean per sentence) at batch 17900: 49.021416
	Batch chunk 17900 - 18000 finished in 15 seconds
	Test loss (mean per sentence) at batch 18000: 49.066326
	Batch chunk 18000 - 18100 finished in 15 seconds
	Test loss (mean per sentence) at batch 18100: 49.027935
	Batch chunk 18100 - 18200 finished in 15 seconds
	Test loss (mean per sentence) at batch 18200: 49.015446
	Batch chunk 18200 - 18300 finished in 15 seconds
	Test loss (mean per sentence) at batch 18300: 49.040596
	Batch chunk 18300 - 18400 finished in 15 seconds
	Test loss (mean per sentence) at batch 18400: 49.025017
	Batch chunk 18400 - 18500 finished in 15 seconds
	Test loss (mean per sentence) at batch 18500: 49.017166
	Batch chunk 18500 - 18600 finished in 15 seconds
	Test loss (mean per sentence) at batch 18600: 49.007446
	Batch chunk 18600 - 18700 finished in 15 seconds
	Test loss (mean per sentence) at batch 18700: 49.012459
	Batch chunk 18700 - 18800 finished in 15 seconds
	Test loss (mean per sentence) at batch 18800: 48.990047
	Batch chunk 18800 - 18900 finished in 15 seconds
	Test loss (mean per sentence) at batch 18900: 48.985985
	Batch chunk 18900 - 19000 finished in 15 seconds
	Test loss (mean per sentence) at batch 19000: 48.986164
	Batch chunk 19000 - 19100 finished in 15 seconds
	Test loss (mean per sentence) at batch 19100: 48.980988
	Batch chunk 19100 - 19200 finished in 15 seconds
	Test loss (mean per sentence) at batch 19200: 48.993927
	Batch chunk 19200 - 19300 finished in 15 seconds
	Test loss (mean per sentence) at batch 19300: 48.985237
	Batch chunk 19300 - 19400 finished in 15 seconds
	Test loss (mean per sentence) at batch 19400: 48.977280
	Batch chunk 19400 - 19500 finished in 15 seconds
	Test loss (mean per sentence) at batch 19500: 48.984402
	Batch chunk 19500 - 19600 finished in 15 seconds
	Test loss (mean per sentence) at batch 19600: 48.976013
	Batch chunk 19600 - 19700 finished in 15 seconds
	Test loss (mean per sentence) at batch 19700: 48.971592
	Batch chunk 19700 - 19800 finished in 15 seconds
	Test loss (mean per sentence) at batch 19800: 48.950977
	Batch chunk 19800 - 19900 finished in 15 seconds
	Test loss (mean per sentence) at batch 19900: 48.965160
	Batch chunk 19900 - 20000 finished in 15 seconds
	Test loss (mean per sentence) at batch 20000: 48.939049
	Batch chunk 20000 - 20100 finished in 15 seconds
	Test loss (mean per sentence) at batch 20100: 48.963585
	Batch chunk 20100 - 20200 finished in 15 seconds
	Test loss (mean per sentence) at batch 20200: 48.968346
	Batch chunk 20200 - 20300 finished in 15 seconds
	Test loss (mean per sentence) at batch 20300: 48.952061
	Batch chunk 20300 - 20400 finished in 15 seconds
	Test loss (mean per sentence) at batch 20400: 48.930897
	Batch chunk 20400 - 20500 finished in 15 seconds
	Test loss (mean per sentence) at batch 20500: 48.953045
	Batch chunk 20500 - 20600 finished in 15 seconds
	Test loss (mean per sentence) at batch 20600: 48.936054
	Batch chunk 20600 - 20700 finished in 15 seconds
	Test loss (mean per sentence) at batch 20700: 48.923397
	Batch chunk 20700 - 20800 finished in 15 seconds
	Test loss (mean per sentence) at batch 20800: 48.940075
	Batch chunk 20800 - 20900 finished in 15 seconds
	Test loss (mean per sentence) at batch 20900: 48.941704
	Batch chunk 20900 - 21000 finished in 15 seconds
	Test loss (mean per sentence) at batch 21000: 48.929203
	Batch chunk 21000 - 21100 finished in 15 seconds
	Test loss (mean per sentence) at batch 21100: 48.933247
	Batch chunk 21100 - 21200 finished in 15 seconds
	Test loss (mean per sentence) at batch 21200: 48.923946
	Batch chunk 21200 - 21300 finished in 15 seconds
	Test loss (mean per sentence) at batch 21300: 48.913692
	Batch chunk 21300 - 21400 finished in 15 seconds
	Test loss (mean per sentence) at batch 21400: 48.921524
	Batch chunk 21400 - 21500 finished in 15 seconds
	Test loss (mean per sentence) at batch 21500: 48.921955
	Batch chunk 21500 - 21600 finished in 15 seconds
	Test loss (mean per sentence) at batch 21600: 48.910255
	Batch chunk 21600 - 21700 finished in 15 seconds
	Test loss (mean per sentence) at batch 21700: 48.899960
	Batch chunk 21700 - 21800 finished in 15 seconds
	Test loss (mean per sentence) at batch 21800: 48.891235
	Batch chunk 21800 - 21900 finished in 15 seconds
	Test loss (mean per sentence) at batch 21900: 48.875362
	Batch chunk 21900 - 22000 finished in 15 seconds
	Test loss (mean per sentence) at batch 22000: 48.879025
	Batch chunk 22000 - 22100 finished in 15 seconds
	Test loss (mean per sentence) at batch 22100: 48.874744
	Batch chunk 22100 - 22200 finished in 15 seconds
	Test loss (mean per sentence) at batch 22200: 48.877354
	Batch chunk 22200 - 22300 finished in 15 seconds
	Test loss (mean per sentence) at batch 22300: 48.866596
	Batch chunk 22300 - 22400 finished in 15 seconds
	Test loss (mean per sentence) at batch 22400: 48.854019
	Batch chunk 22400 - 22500 finished in 15 seconds
	Test loss (mean per sentence) at batch 22500: 48.862331
	Batch chunk 22500 - 22600 finished in 15 seconds
	Test loss (mean per sentence) at batch 22600: 48.853565
	Batch chunk 22600 - 22700 finished in 15 seconds
	Test loss (mean per sentence) at batch 22700: 48.869549
	Batch chunk 22700 - 22800 finished in 15 seconds
	Test loss (mean per sentence) at batch 22800: 48.878231
	Batch chunk 22800 - 22900 finished in 15 seconds
	Test loss (mean per sentence) at batch 22900: 48.875820
	Batch chunk 22900 - 23000 finished in 15 seconds
	Test loss (mean per sentence) at batch 23000: 48.867168
	Batch chunk 23000 - 23100 finished in 15 seconds
	Test loss (mean per sentence) at batch 23100: 48.871864
	Batch chunk 23100 - 23200 finished in 15 seconds
	Test loss (mean per sentence) at batch 23200: 48.864315
	Batch chunk 23200 - 23300 finished in 15 seconds
	Test loss (mean per sentence) at batch 23300: 48.838860
	Batch chunk 23300 - 23400 finished in 15 seconds
	Test loss (mean per sentence) at batch 23400: 48.830254
	Batch chunk 23400 - 23500 finished in 15 seconds
	Test loss (mean per sentence) at batch 23500: 48.839394
	Batch chunk 23500 - 23600 finished in 15 seconds
	Test loss (mean per sentence) at batch 23600: 48.838806
	Batch chunk 23600 - 23700 finished in 15 seconds
	Test loss (mean per sentence) at batch 23700: 48.849197
	Batch chunk 23700 - 23800 finished in 15 seconds
	Test loss (mean per sentence) at batch 23800: 48.846668
	Batch chunk 23800 - 23900 finished in 15 seconds
	Test loss (mean per sentence) at batch 23900: 48.836315
	Batch chunk 23900 - 24000 finished in 15 seconds
	Test loss (mean per sentence) at batch 24000: 48.843327
	Batch chunk 24000 - 24100 finished in 15 seconds
	Test loss (mean per sentence) at batch 24100: 48.832165
	Batch chunk 24100 - 24200 finished in 15 seconds
	Test loss (mean per sentence) at batch 24200: 48.832745
	Batch chunk 24200 - 24300 finished in 15 seconds
	Test loss (mean per sentence) at batch 24300: 48.815010
	Batch chunk 24300 - 24400 finished in 15 seconds
	Test loss (mean per sentence) at batch 24400: 48.815495
	Batch chunk 24400 - 24500 finished in 15 seconds
	Test loss (mean per sentence) at batch 24500: 48.806953
	Batch chunk 24500 - 24600 finished in 15 seconds
	Test loss (mean per sentence) at batch 24600: 48.802494
	Batch chunk 24600 - 24700 finished in 15 seconds
	Test loss (mean per sentence) at batch 24700: 48.801975
	Batch chunk 24700 - 24800 finished in 15 seconds
	Test loss (mean per sentence) at batch 24800: 48.831478
	Batch chunk 24800 - 24900 finished in 15 seconds
	Test loss (mean per sentence) at batch 24900: 48.821018
	Batch chunk 24900 - 25000 finished in 15 seconds
	Test loss (mean per sentence) at batch 25000: 48.820988
	Batch chunk 25000 - 25100 finished in 15 seconds
	Test loss (mean per sentence) at batch 25100: 48.790535
	Batch chunk 25100 - 25200 finished in 15 seconds
	Test loss (mean per sentence) at batch 25200: 48.825504
	Batch chunk 25200 - 25300 finished in 15 seconds
	Test loss (mean per sentence) at batch 25300: 48.797943
	Batch chunk 25300 - 25400 finished in 15 seconds
	Test loss (mean per sentence) at batch 25400: 48.788342
	Batch chunk 25400 - 25500 finished in 15 seconds
	Test loss (mean per sentence) at batch 25500: 48.777802
	Batch chunk 25500 - 25600 finished in 15 seconds
	Test loss (mean per sentence) at batch 25600: 48.788391
	Batch chunk 25600 - 25700 finished in 15 seconds
	Test loss (mean per sentence) at batch 25700: 48.766079
	Batch chunk 25700 - 25800 finished in 15 seconds
	Test loss (mean per sentence) at batch 25800: 48.778240
	Batch chunk 25800 - 25900 finished in 15 seconds
	Test loss (mean per sentence) at batch 25900: 48.771584
	Batch chunk 25900 - 26000 finished in 15 seconds
	Test loss (mean per sentence) at batch 26000: 48.763306
	Batch chunk 26000 - 26100 finished in 15 seconds
	Test loss (mean per sentence) at batch 26100: 48.758678
	Batch chunk 26100 - 26200 finished in 15 seconds
	Test loss (mean per sentence) at batch 26200: 48.749599
	Batch chunk 26200 - 26300 finished in 15 seconds
	Test loss (mean per sentence) at batch 26300: 48.747143
	Batch chunk 26300 - 26400 finished in 15 seconds
	Test loss (mean per sentence) at batch 26400: 48.769348
	Batch chunk 26400 - 26500 finished in 15 seconds
	Test loss (mean per sentence) at batch 26500: 48.758038
	Batch chunk 26500 - 26600 finished in 15 seconds
	Test loss (mean per sentence) at batch 26600: 48.762962
	Batch chunk 26600 - 26700 finished in 15 seconds
	Test loss (mean per sentence) at batch 26700: 48.743774
	Batch chunk 26700 - 26800 finished in 15 seconds
	Test loss (mean per sentence) at batch 26800: 48.750698
	Batch chunk 26800 - 26900 finished in 15 seconds
	Test loss (mean per sentence) at batch 26900: 48.752338
	Batch chunk 26900 - 27000 finished in 15 seconds
	Test loss (mean per sentence) at batch 27000: 48.769283
	Batch chunk 27000 - 27100 finished in 15 seconds
	Test loss (mean per sentence) at batch 27100: 48.756004
	Batch chunk 27100 - 27200 finished in 15 seconds
	Test loss (mean per sentence) at batch 27200: 48.763309
	Batch chunk 27200 - 27300 finished in 15 seconds
	Test loss (mean per sentence) at batch 27300: 48.737671
	Batch chunk 27300 - 27400 finished in 15 seconds
	Test loss (mean per sentence) at batch 27400: 48.728897
	Batch chunk 27400 - 27500 finished in 15 seconds
	Test loss (mean per sentence) at batch 27500: 48.744217
	Batch chunk 27500 - 27600 finished in 15 seconds
	Test loss (mean per sentence) at batch 27600: 48.742035
	Batch chunk 27600 - 27700 finished in 15 seconds
	Test loss (mean per sentence) at batch 27700: 48.742001
	Batch chunk 27700 - 27800 finished in 15 seconds
	Test loss (mean per sentence) at batch 27800: 48.733360
	Batch chunk 27800 - 27900 finished in 15 seconds
	Test loss (mean per sentence) at batch 27900: 48.739971
	Batch chunk 27900 - 28000 finished in 15 seconds
	Test loss (mean per sentence) at batch 28000: 48.703579
	Batch chunk 28000 - 28100 finished in 15 seconds
	Test loss (mean per sentence) at batch 28100: 48.707199
	Batch chunk 28100 - 28200 finished in 15 seconds
	Test loss (mean per sentence) at batch 28200: 48.705860
	Batch chunk 28200 - 28300 finished in 15 seconds
	Test loss (mean per sentence) at batch 28300: 48.710636
	Batch chunk 28300 - 28400 finished in 15 seconds
	Test loss (mean per sentence) at batch 28400: 48.697670
	Batch chunk 28400 - 28500 finished in 15 seconds
	Test loss (mean per sentence) at batch 28500: 48.722359
	Batch chunk 28500 - 28600 finished in 15 seconds
	Test loss (mean per sentence) at batch 28600: 48.711128
	Batch chunk 28600 - 28700 finished in 15 seconds
	Test loss (mean per sentence) at batch 28700: 48.719345
	Batch chunk 28700 - 28800 finished in 15 seconds
	Test loss (mean per sentence) at batch 28800: 48.709126
	Batch chunk 28800 - 28900 finished in 15 seconds
	Test loss (mean per sentence) at batch 28900: 48.693970
	Batch chunk 28900 - 29000 finished in 15 seconds
	Test loss (mean per sentence) at batch 29000: 48.700806
	Batch chunk 29000 - 29100 finished in 15 seconds
	Test loss (mean per sentence) at batch 29100: 48.692722
	Batch chunk 29100 - 29200 finished in 15 seconds
	Test loss (mean per sentence) at batch 29200: 48.694668
	Batch chunk 29200 - 29300 finished in 15 seconds
	Test loss (mean per sentence) at batch 29300: 48.686886
	Batch chunk 29300 - 29400 finished in 15 seconds
	Test loss (mean per sentence) at batch 29400: 48.693291
	Batch chunk 29400 - 29500 finished in 15 seconds
	Test loss (mean per sentence) at batch 29500: 48.705242
	Batch chunk 29500 - 29600 finished in 15 seconds
	Test loss (mean per sentence) at batch 29600: 48.667942
	Batch chunk 29600 - 29700 finished in 15 seconds
	Test loss (mean per sentence) at batch 29700: 48.695274
	Batch chunk 29700 - 29800 finished in 15 seconds
	Test loss (mean per sentence) at batch 29800: 48.672855
	Batch chunk 29800 - 29900 finished in 15 seconds
	Test loss (mean per sentence) at batch 29900: 48.653557
	Batch chunk 29900 - 30000 finished in 15 seconds
	Test loss (mean per sentence) at batch 30000: 48.649986
	Batch chunk 30000 - 30100 finished in 15 seconds
	Test loss (mean per sentence) at batch 30100: 48.664757
	Batch chunk 30100 - 30200 finished in 15 seconds
	Test loss (mean per sentence) at batch 30200: 48.652214
	Batch chunk 30200 - 30300 finished in 15 seconds
	Test loss (mean per sentence) at batch 30300: 48.649551
	Batch chunk 30300 - 30400 finished in 15 seconds
	Test loss (mean per sentence) at batch 30400: 48.647488
	Batch chunk 30400 - 30500 finished in 15 seconds
	Test loss (mean per sentence) at batch 30500: 48.676094
	Batch chunk 30500 - 30600 finished in 15 seconds
	Test loss (mean per sentence) at batch 30600: 48.666622
	Batch chunk 30600 - 30700 finished in 15 seconds
	Test loss (mean per sentence) at batch 30700: 48.654366
Epoch completed in 7350 seconds.
reading sentences...
padding the id data with 'pad' to make it divisible by the batch size...
Testing...
